mode: set
github.com/Dannyelgeek/awesome-api/main.go:13.13,15.43 2 0
github.com/Dannyelgeek/awesome-api/main.go:15.43,17.3 1 0
github.com/Dannyelgeek/awesome-api/main.go:18.2,21.57 2 0
github.com/Dannyelgeek/awesome-api/main.go:24.32,37.2 5 1
github.com/Dannyelgeek/awesome-api/main.go:39.65,47.2 2 1
github.com/Dannyelgeek/awesome-api/main.go:49.59,57.25 4 1
github.com/Dannyelgeek/awesome-api/main.go:58.9,60.17 1 1
github.com/Dannyelgeek/awesome-api/main.go:61.10,63.23 1 1
github.com/Dannyelgeek/awesome-api/main.go:67.2,67.16 1 1
github.com/Dannyelgeek/awesome-api/main.go:67.16,70.3 2 1
github.com/Dannyelgeek/awesome-api/main.go:73.2,76.56 2 1
